{"C:\\Users\\TV91\\Coding\\FutureProof\\LAP1\\project-forks\\server\\app.js": {"path":"C:\\Users\\TV91\\Coding\\FutureProof\\LAP1\\project-forks\\server\\app.js","statementMap":{"0":{"start":{"line":1,"column":16},"end":{"line":1,"column":34}},"1":{"start":{"line":2,"column":13},"end":{"line":2,"column":28}},"2":{"start":{"line":3,"column":30},"end":{"line":3,"column":48}},"3":{"start":{"line":4,"column":20},"end":{"line":4,"column":39}},"4":{"start":{"line":5,"column":12},"end":{"line":5,"column":21}},"5":{"start":{"line":8,"column":0},"end":{"line":8,"column":24}},"6":{"start":{"line":9,"column":0},"end":{"line":9,"column":16}},"7":{"start":{"line":12,"column":0},"end":{"line":14,"column":3}},"8":{"start":{"line":13,"column":4},"end":{"line":13,"column":50}},"9":{"start":{"line":17,"column":0},"end":{"line":20,"column":2}},"10":{"start":{"line":18,"column":21},"end":{"line":18,"column":30}},"11":{"start":{"line":19,"column":4},"end":{"line":19,"column":23}},"12":{"start":{"line":23,"column":0},"end":{"line":50,"column":2}},"13":{"start":{"line":26,"column":21},"end":{"line":26,"column":30}},"14":{"start":{"line":29,"column":17},"end":{"line":29,"column":25}},"15":{"start":{"line":33,"column":4},"end":{"line":38,"column":5}},"16":{"start":{"line":34,"column":8},"end":{"line":34,"column":15}},"17":{"start":{"line":36,"column":31},"end":{"line":36,"column":58}},"18":{"start":{"line":37,"column":8},"end":{"line":37,"column":37}},"19":{"start":{"line":41,"column":4},"end":{"line":43,"column":5}},"20":{"start":{"line":42,"column":8},"end":{"line":42,"column":124}},"21":{"start":{"line":46,"column":28},"end":{"line":46,"column":82}},"22":{"start":{"line":47,"column":4},"end":{"line":47,"column":35}},"23":{"start":{"line":48,"column":4},"end":{"line":48,"column":23}},"24":{"start":{"line":49,"column":4},"end":{"line":49,"column":78}},"25":{"start":{"line":53,"column":0},"end":{"line":78,"column":2}},"26":{"start":{"line":55,"column":15},"end":{"line":55,"column":38}},"27":{"start":{"line":56,"column":17},"end":{"line":56,"column":25}},"28":{"start":{"line":59,"column":21},"end":{"line":59,"column":30}},"29":{"start":{"line":62,"column":29},"end":{"line":62,"column":74}},"30":{"start":{"line":62,"column":55},"end":{"line":62,"column":72}},"31":{"start":{"line":63,"column":4},"end":{"line":65,"column":5}},"32":{"start":{"line":64,"column":8},"end":{"line":64,"column":81}},"33":{"start":{"line":68,"column":33},"end":{"line":68,"column":37}},"34":{"start":{"line":69,"column":4},"end":{"line":71,"column":5}},"35":{"start":{"line":70,"column":8},"end":{"line":70,"column":41}},"36":{"start":{"line":72,"column":4},"end":{"line":74,"column":5}},"37":{"start":{"line":73,"column":8},"end":{"line":73,"column":50}},"38":{"start":{"line":76,"column":4},"end":{"line":76,"column":22}},"39":{"start":{"line":77,"column":4},"end":{"line":77,"column":86}},"40":{"start":{"line":82,"column":0},"end":{"line":90,"column":2}},"41":{"start":{"line":83,"column":19},"end":{"line":83,"column":48}},"42":{"start":{"line":84,"column":4},"end":{"line":89,"column":5}},"43":{"start":{"line":85,"column":8},"end":{"line":85,"column":21}},"44":{"start":{"line":86,"column":8},"end":{"line":86,"column":78}},"45":{"start":{"line":88,"column":8},"end":{"line":88,"column":79}},"46":{"start":{"line":92,"column":0},"end":{"line":92,"column":25}}},"fnMap":{"0":{"name":"(anonymous_0)","decl":{"start":{"line":12,"column":13},"end":{"line":12,"column":14}},"loc":{"start":{"line":12,"column":26},"end":{"line":14,"column":1}},"line":12},"1":{"name":"(anonymous_1)","decl":{"start":{"line":17,"column":21},"end":{"line":17,"column":22}},"loc":{"start":{"line":17,"column":34},"end":{"line":20,"column":1}},"line":17},"2":{"name":"(anonymous_2)","decl":{"start":{"line":23,"column":22},"end":{"line":23,"column":23}},"loc":{"start":{"line":23,"column":35},"end":{"line":50,"column":1}},"line":23},"3":{"name":"(anonymous_3)","decl":{"start":{"line":53,"column":27},"end":{"line":53,"column":28}},"loc":{"start":{"line":53,"column":41},"end":{"line":78,"column":1}},"line":53},"4":{"name":"(anonymous_4)","decl":{"start":{"line":62,"column":44},"end":{"line":62,"column":45}},"loc":{"start":{"line":62,"column":55},"end":{"line":62,"column":72}},"line":62},"5":{"name":"(anonymous_5)","decl":{"start":{"line":82,"column":44},"end":{"line":82,"column":45}},"loc":{"start":{"line":82,"column":57},"end":{"line":90,"column":1}},"line":82}},"branchMap":{"0":{"loc":{"start":{"line":33,"column":4},"end":{"line":38,"column":5}},"type":"if","locations":[{"start":{"line":33,"column":4},"end":{"line":38,"column":5}},{"start":{"line":33,"column":4},"end":{"line":38,"column":5}}],"line":33},"1":{"loc":{"start":{"line":41,"column":4},"end":{"line":43,"column":5}},"type":"if","locations":[{"start":{"line":41,"column":4},"end":{"line":43,"column":5}},{"start":{"line":41,"column":4},"end":{"line":43,"column":5}}],"line":41},"2":{"loc":{"start":{"line":41,"column":9},"end":{"line":41,"column":37}},"type":"binary-expr","locations":[{"start":{"line":41,"column":9},"end":{"line":41,"column":20}},{"start":{"line":41,"column":24},"end":{"line":41,"column":37}}],"line":41},"3":{"loc":{"start":{"line":63,"column":4},"end":{"line":65,"column":5}},"type":"if","locations":[{"start":{"line":63,"column":4},"end":{"line":65,"column":5}},{"start":{"line":63,"column":4},"end":{"line":65,"column":5}}],"line":63},"4":{"loc":{"start":{"line":69,"column":4},"end":{"line":71,"column":5}},"type":"if","locations":[{"start":{"line":69,"column":4},"end":{"line":71,"column":5}},{"start":{"line":69,"column":4},"end":{"line":71,"column":5}}],"line":69},"5":{"loc":{"start":{"line":72,"column":4},"end":{"line":74,"column":5}},"type":"if","locations":[{"start":{"line":72,"column":4},"end":{"line":74,"column":5}},{"start":{"line":72,"column":4},"end":{"line":74,"column":5}}],"line":72},"6":{"loc":{"start":{"line":84,"column":4},"end":{"line":89,"column":5}},"type":"if","locations":[{"start":{"line":84,"column":4},"end":{"line":89,"column":5}},{"start":{"line":84,"column":4},"end":{"line":89,"column":5}}],"line":84}},"s":{"0":1,"1":1,"2":1,"3":1,"4":1,"5":1,"6":1,"7":1,"8":1,"9":1,"10":2,"11":2,"12":1,"13":2,"14":2,"15":2,"16":1,"17":1,"18":1,"19":2,"20":1,"21":1,"22":1,"23":1,"24":1,"25":1,"26":2,"27":2,"28":2,"29":2,"30":2,"31":2,"32":1,"33":1,"34":1,"35":1,"36":1,"37":1,"38":1,"39":1,"40":1,"41":1,"42":1,"43":1,"44":1,"45":0,"46":1},"f":{"0":1,"1":2,"2":2,"3":2,"4":2,"5":1},"b":{"0":[1,1],"1":[1,1],"2":[2,1],"3":[1,1],"4":[1,0],"5":[1,0],"6":[1,0]},"_coverageSchema":"1a1c01bbd47fc00a2c39e90264f33305004495a9","hash":"2fb563b05442fa8188650c748708bc38e97123fe"}
,"C:\\Users\\TV91\\Coding\\FutureProof\\LAP1\\project-forks\\server\\models.js": {"path":"C:\\Users\\TV91\\Coding\\FutureProof\\LAP1\\project-forks\\server\\models.js","statementMap":{"0":{"start":{"line":3,"column":19},"end":{"line":3,"column":29}},"1":{"start":{"line":5,"column":8},"end":{"line":5,"column":21}},"2":{"start":{"line":6,"column":8},"end":{"line":6,"column":27}},"3":{"start":{"line":7,"column":8},"end":{"line":7,"column":31}},"4":{"start":{"line":8,"column":8},"end":{"line":8,"column":29}},"5":{"start":{"line":9,"column":8},"end":{"line":9,"column":32}},"6":{"start":{"line":10,"column":8},"end":{"line":10,"column":27}},"7":{"start":{"line":11,"column":8},"end":{"line":11,"column":40}},"8":{"start":{"line":16,"column":0},"end":{"line":16,"column":29}}},"fnMap":{"0":{"name":"(anonymous_0)","decl":{"start":{"line":2,"column":4},"end":{"line":2,"column":5}},"loc":{"start":{"line":2,"column":43},"end":{"line":12,"column":5}},"line":2}},"branchMap":{},"s":{"0":1,"1":1,"2":1,"3":1,"4":1,"5":1,"6":1,"7":1,"8":1},"f":{"0":1},"b":{},"_coverageSchema":"1a1c01bbd47fc00a2c39e90264f33305004495a9","hash":"c46b6721aadc30cc288b1b864187a87f6dc8034d"}
,"C:\\Users\\TV91\\Coding\\FutureProof\\LAP1\\project-forks\\server\\utils.js": {"path":"C:\\Users\\TV91\\Coding\\FutureProof\\LAP1\\project-forks\\server\\utils.js","statementMap":{"0":{"start":{"line":1,"column":11},"end":{"line":1,"column":24}},"1":{"start":{"line":2,"column":13},"end":{"line":2,"column":28}},"2":{"start":{"line":4,"column":15},"end":{"line":4,"column":57}},"3":{"start":{"line":7,"column":23},"end":{"line":7,"column":43}},"4":{"start":{"line":8,"column":4},"end":{"line":8,"column":43}},"5":{"start":{"line":12,"column":21},"end":{"line":12,"column":46}},"6":{"start":{"line":13,"column":4},"end":{"line":13,"column":32}},"7":{"start":{"line":16,"column":0},"end":{"line":16,"column":39}}},"fnMap":{"0":{"name":"saveData","decl":{"start":{"line":6,"column":9},"end":{"line":6,"column":17}},"loc":{"start":{"line":6,"column":23},"end":{"line":9,"column":1}},"line":6},"1":{"name":"getData","decl":{"start":{"line":11,"column":9},"end":{"line":11,"column":16}},"loc":{"start":{"line":11,"column":18},"end":{"line":14,"column":1}},"line":11}},"branchMap":{},"s":{"0":1,"1":1,"2":1,"3":3,"4":3,"5":6,"6":6,"7":1},"f":{"0":3,"1":6},"b":{},"_coverageSchema":"1a1c01bbd47fc00a2c39e90264f33305004495a9","hash":"85f468f6c7c067a08af1f702b3d2fd14c2c288ff"}
}
