TN:
SF:app.js
FN:12,(anonymous_0)
FN:17,(anonymous_1)
FN:23,(anonymous_2)
FN:53,(anonymous_3)
FN:62,(anonymous_4)
FN:82,(anonymous_5)
FNF:6
FNH:6
FNDA:1,(anonymous_0)
FNDA:2,(anonymous_1)
FNDA:2,(anonymous_2)
FNDA:2,(anonymous_3)
FNDA:2,(anonymous_4)
FNDA:1,(anonymous_5)
DA:1,1
DA:2,1
DA:3,1
DA:4,1
DA:5,1
DA:8,1
DA:9,1
DA:12,1
DA:13,1
DA:17,1
DA:18,2
DA:19,2
DA:23,1
DA:26,2
DA:29,2
DA:33,2
DA:34,1
DA:36,1
DA:37,1
DA:41,2
DA:42,1
DA:46,1
DA:47,1
DA:48,1
DA:49,1
DA:53,1
DA:55,2
DA:56,2
DA:59,2
DA:62,2
DA:63,2
DA:64,1
DA:68,1
DA:69,1
DA:70,1
DA:72,1
DA:73,1
DA:76,1
DA:77,1
DA:82,1
DA:83,1
DA:84,1
DA:85,1
DA:86,1
DA:88,0
DA:92,1
LF:46
LH:45
BRDA:33,0,0,1
BRDA:33,0,1,1
BRDA:41,1,0,1
BRDA:41,1,1,1
BRDA:41,2,0,2
BRDA:41,2,1,1
BRDA:63,3,0,1
BRDA:63,3,1,1
BRDA:69,4,0,1
BRDA:69,4,1,0
BRDA:72,5,0,1
BRDA:72,5,1,0
BRDA:84,6,0,1
BRDA:84,6,1,0
BRF:14
BRH:11
end_of_record
TN:
SF:models.js
FN:2,(anonymous_0)
FNF:1
FNH:1
FNDA:1,(anonymous_0)
DA:3,1
DA:5,1
DA:6,1
DA:7,1
DA:8,1
DA:9,1
DA:10,1
DA:11,1
DA:16,1
LF:9
LH:9
BRF:0
BRH:0
end_of_record
TN:
SF:utils.js
FN:6,saveData
FN:11,getData
FNF:2
FNH:2
FNDA:3,saveData
FNDA:6,getData
DA:1,1
DA:2,1
DA:4,1
DA:7,3
DA:8,3
DA:12,6
DA:13,6
DA:16,1
LF:8
LH:8
BRF:0
BRH:0
end_of_record
